<?xml version="1.0" encoding="UTF-8"?>
<!-- Generated by org.testng.reporters.JUnitReportReporter -->
<testsuite hostname="LTIN470122" failures="0" tests="2" name="com.BK.Myntra.TestCases.TestCase4" time="38.485" errors="0" timestamp="2025-05-15T16:59:56 IST" skipped="0">
  <testcase classname="com.BK.Myntra.TestCases.TestCase4" name="step1" time="29.073"/>
  <testcase classname="com.BK.Myntra.TestCases.TestCase4" name="step2" time="9.412"/>
</testsuite> <!-- com.BK.Myntra.TestCases.TestCase4 -->
