<?xml version="1.0" encoding="UTF-8"?>
<!-- Generated by org.testng.reporters.JUnitReportReporter -->
<testsuite hostname="LTIN470122" failures="0" tests="4" name="com.BK.Myntra.TestCases.TestCase1" time="30.508" errors="0" timestamp="2025-05-15T12:45:25 IST" skipped="0">
  <testcase classname="com.BK.Myntra.TestCases.TestCase1" name="setUpDriver" time="7.147"/>
  <testcase classname="com.BK.Myntra.TestCases.TestCase1" name="step1" time="4.069"/>
  <testcase classname="com.BK.Myntra.TestCases.TestCase1" name="step2" time="9.263"/>
  <testcase classname="com.BK.Myntra.TestCases.TestCase1" name="step3" time="10.029"/>
</testsuite> <!-- com.BK.Myntra.TestCases.TestCase1 -->
