<?xml version="1.0" encoding="UTF-8"?>
<!-- Generated by org.testng.reporters.JUnitReportReporter -->
<testsuite hostname="LTIN470122" failures="0" tests="1" name="com.BK.Myntra.TestCases.TestCase3" time="31.919" errors="0" timestamp="2025-05-15T12:06:38 IST" skipped="0">
  <testcase classname="com.BK.Myntra.TestCases.TestCase3" name="step2" time="31.919"/>
</testsuite> <!-- com.BK.Myntra.TestCases.TestCase3 -->
